[1.037s] Invoking command in '/home/pi/egb320/software/ros_ws/src/robot': PIXI_PROMPT=(egb320) PS1=(egb320) \[\e]0;\u@\h: \w\a\]${debian_chroot:+($debian_chroot)}\[\033[01;32m\]\u@\h\[\033[00m\]:\[\033[01;34m\]\w \$\[\033[00m\] PYTHONPATH=/home/pi/egb320/software/ros_ws/build/robot/prefix_override:/home/pi/egb320/.pixi/envs/default/lib/python3.11/site-packages/colcon_core/task/python/colcon_distutils_commands:/home/pi/egb320/software/ros_ws/install/robot/lib/python3.11/site-packages:${PYTHONPATH} /home/pi/egb320/.pixi/envs/default/bin/python3.11 -W ignore:setup.py install is deprecated -W ignore:easy_install command is deprecated setup.py egg_info --egg-base ../../build/robot build --build-base /home/pi/egb320/software/ros_ws/build/robot/build install --record /home/pi/egb320/software/ros_ws/build/robot/install.log --single-version-externally-managed install_data
[1.383s] running egg_info
[1.384s] writing ../../build/robot/robot.egg-info/PKG-INFO
[1.386s] writing dependency_links to ../../build/robot/robot.egg-info/dependency_links.txt
[1.388s] writing entry points to ../../build/robot/robot.egg-info/entry_points.txt
[1.389s] writing requirements to ../../build/robot/robot.egg-info/requires.txt
[1.389s] writing top-level names to ../../build/robot/robot.egg-info/top_level.txt
[1.421s] reading manifest file '../../build/robot/robot.egg-info/SOURCES.txt'
[1.423s] writing manifest file '../../build/robot/robot.egg-info/SOURCES.txt'
[1.424s] running build
[1.425s] running build_py
[1.425s] creating /home/pi/egb320/software/ros_ws/build/robot/build/lib/robot/vision
[1.426s] copying robot/vision/__init__.py -> /home/pi/egb320/software/ros_ws/build/robot/build/lib/robot/vision
[1.427s] copying robot/vision/video.py -> /home/pi/egb320/software/ros_ws/build/robot/build/lib/robot/vision
[1.427s] running install
[1.427s] running install_lib
[1.429s] creating /home/pi/egb320/software/ros_ws/install/robot/lib/python3.11/site-packages/robot/vision
[1.431s] copying /home/pi/egb320/software/ros_ws/build/robot/build/lib/robot/vision/__init__.py -> /home/pi/egb320/software/ros_ws/install/robot/lib/python3.11/site-packages/robot/vision
[1.431s] copying /home/pi/egb320/software/ros_ws/build/robot/build/lib/robot/vision/video.py -> /home/pi/egb320/software/ros_ws/install/robot/lib/python3.11/site-packages/robot/vision
[1.431s] byte-compiling /home/pi/egb320/software/ros_ws/install/robot/lib/python3.11/site-packages/robot/vision/__init__.py to __init__.cpython-311.pyc
[1.431s] byte-compiling /home/pi/egb320/software/ros_ws/install/robot/lib/python3.11/site-packages/robot/vision/video.py to video.cpython-311.pyc
[1.433s] running install_data
[1.433s] running install_egg_info
[1.439s] removing '/home/pi/egb320/software/ros_ws/install/robot/lib/python3.11/site-packages/robot-0.0.0-py3.11.egg-info' (and everything under it)
[1.442s] Copying ../../build/robot/robot.egg-info to /home/pi/egb320/software/ros_ws/install/robot/lib/python3.11/site-packages/robot-0.0.0-py3.11.egg-info
[1.443s] running install_scripts
[1.475s] Installing collection script to /home/pi/egb320/software/ros_ws/install/robot/lib/robot
[1.475s] Installing mobility script to /home/pi/egb320/software/ros_ws/install/robot/lib/robot
[1.478s] Installing navigation script to /home/pi/egb320/software/ros_ws/install/robot/lib/robot
[1.478s] Installing vision script to /home/pi/egb320/software/ros_ws/install/robot/lib/robot
[1.480s] writing list of installed files to '/home/pi/egb320/software/ros_ws/build/robot/install.log'
[1.549s] Invoked command in '/home/pi/egb320/software/ros_ws/src/robot' returned '0': PIXI_PROMPT=(egb320) PS1=(egb320) \[\e]0;\u@\h: \w\a\]${debian_chroot:+($debian_chroot)}\[\033[01;32m\]\u@\h\[\033[00m\]:\[\033[01;34m\]\w \$\[\033[00m\] PYTHONPATH=/home/pi/egb320/software/ros_ws/build/robot/prefix_override:/home/pi/egb320/.pixi/envs/default/lib/python3.11/site-packages/colcon_core/task/python/colcon_distutils_commands:/home/pi/egb320/software/ros_ws/install/robot/lib/python3.11/site-packages:${PYTHONPATH} /home/pi/egb320/.pixi/envs/default/bin/python3.11 -W ignore:setup.py install is deprecated -W ignore:easy_install command is deprecated setup.py egg_info --egg-base ../../build/robot build --build-base /home/pi/egb320/software/ros_ws/build/robot/build install --record /home/pi/egb320/software/ros_ws/build/robot/install.log --single-version-externally-managed install_data
