running egg_info
writing ../../build/vision/vision.egg-info/PKG-INFO
writing dependency_links to ../../build/vision/vision.egg-info/dependency_links.txt
writing entry points to ../../build/vision/vision.egg-info/entry_points.txt
writing requirements to ../../build/vision/vision.egg-info/requires.txt
writing top-level names to ../../build/vision/vision.egg-info/top_level.txt
reading manifest file '../../build/vision/vision.egg-info/SOURCES.txt'
adding license file 'LICENSE'
writing manifest file '../../build/vision/vision.egg-info/SOURCES.txt'
running build
running build_py
copying vision/vision_main.py -> /home/pi/EGB320/software/ros_ws/build/vision/build/lib/vision
running install
running install_lib
copying /home/pi/EGB320/software/ros_ws/build/vision/build/lib/vision/vision_main.py -> /home/pi/EGB320/software/ros_ws/install/vision/lib/python3.12/site-packages/vision
byte-compiling /home/pi/EGB320/software/ros_ws/install/vision/lib/python3.12/site-packages/vision/vision_main.py to vision_main.cpython-312.pyc
running install_data
running install_egg_info
removing '/home/pi/EGB320/software/ros_ws/install/vision/lib/python3.12/site-packages/vision-0.0.0-py3.12.egg-info' (and everything under it)
Copying ../../build/vision/vision.egg-info to /home/pi/EGB320/software/ros_ws/install/vision/lib/python3.12/site-packages/vision-0.0.0-py3.12.egg-info
running install_scripts
Installing talker script to /home/pi/EGB320/software/ros_ws/install/vision/lib/vision
writing list of installed files to '/home/pi/EGB320/software/ros_ws/build/vision/install.log'
