[1.146s] Invoking command in '/home/pi/EGB320/software/ros_ws/src/vision': DEBUGINFOD_URLS=https://debuginfod.ubuntu.com PYTHONPATH=/home/pi/EGB320/software/ros_ws/build/vision/prefix_override:/usr/lib/python3/dist-packages/colcon_core/task/python/colcon_distutils_commands:/home/pi/EGB320/software/ros_ws/install/vision/lib/python3.12/site-packages:${PYTHONPATH} /usr/bin/python3 -W ignore:setup.py install is deprecated -W ignore:easy_install command is deprecated setup.py egg_info --egg-base ../../build/vision build --build-base /home/pi/EGB320/software/ros_ws/build/vision/build install --record /home/pi/EGB320/software/ros_ws/build/vision/install.log --single-version-externally-managed install_data
[1.508s] running egg_info
[1.530s] writing ../../build/vision/vision.egg-info/PKG-INFO
[1.531s] writing dependency_links to ../../build/vision/vision.egg-info/dependency_links.txt
[1.532s] writing entry points to ../../build/vision/vision.egg-info/entry_points.txt
[1.532s] writing requirements to ../../build/vision/vision.egg-info/requires.txt
[1.533s] writing top-level names to ../../build/vision/vision.egg-info/top_level.txt
[1.578s] reading manifest file '../../build/vision/vision.egg-info/SOURCES.txt'
[1.578s] adding license file 'LICENSE'
[1.579s] writing manifest file '../../build/vision/vision.egg-info/SOURCES.txt'
[1.580s] running build
[1.580s] running build_py
[1.580s] copying vision/vision_main.py -> /home/pi/EGB320/software/ros_ws/build/vision/build/lib/vision
[1.581s] running install
[1.591s] running install_lib
[1.616s] copying /home/pi/EGB320/software/ros_ws/build/vision/build/lib/vision/vision_main.py -> /home/pi/EGB320/software/ros_ws/install/vision/lib/python3.12/site-packages/vision
[1.616s] byte-compiling /home/pi/EGB320/software/ros_ws/install/vision/lib/python3.12/site-packages/vision/vision_main.py to vision_main.cpython-312.pyc
[1.617s] running install_data
[1.617s] running install_egg_info
[1.643s] removing '/home/pi/EGB320/software/ros_ws/install/vision/lib/python3.12/site-packages/vision-0.0.0-py3.12.egg-info' (and everything under it)
[1.644s] Copying ../../build/vision/vision.egg-info to /home/pi/EGB320/software/ros_ws/install/vision/lib/python3.12/site-packages/vision-0.0.0-py3.12.egg-info
[1.645s] running install_scripts
[1.799s] Installing talker script to /home/pi/EGB320/software/ros_ws/install/vision/lib/vision
[1.800s] writing list of installed files to '/home/pi/EGB320/software/ros_ws/build/vision/install.log'
[1.896s] Invoked command in '/home/pi/EGB320/software/ros_ws/src/vision' returned '0': DEBUGINFOD_URLS=https://debuginfod.ubuntu.com PYTHONPATH=/home/pi/EGB320/software/ros_ws/build/vision/prefix_override:/usr/lib/python3/dist-packages/colcon_core/task/python/colcon_distutils_commands:/home/pi/EGB320/software/ros_ws/install/vision/lib/python3.12/site-packages:${PYTHONPATH} /usr/bin/python3 -W ignore:setup.py install is deprecated -W ignore:easy_install command is deprecated setup.py egg_info --egg-base ../../build/vision build --build-base /home/pi/EGB320/software/ros_ws/build/vision/build install --record /home/pi/EGB320/software/ros_ws/build/vision/install.log --single-version-externally-managed install_data
