/home/pi/egb320/software/ros_ws/install/robot/lib/python3.11/site-packages/robot/__init__.py
/home/pi/egb320/software/ros_ws/install/robot/lib/python3.11/site-packages/robot/navigation_node.py
/home/pi/egb320/software/ros_ws/install/robot/lib/python3.11/site-packages/robot/mobility_node.py
/home/pi/egb320/software/ros_ws/install/robot/lib/python3.11/site-packages/robot/collection_node.py
/home/pi/egb320/software/ros_ws/install/robot/lib/python3.11/site-packages/robot/vision_node.py
/home/pi/egb320/software/ros_ws/install/robot/lib/python3.11/site-packages/robot/mobility/__init__.py
/home/pi/egb320/software/ros_ws/install/robot/lib/python3.11/site-packages/robot/collection/__init__.py
/home/pi/egb320/software/ros_ws/install/robot/lib/python3.11/site-packages/robot/vision/__init__.py
/home/pi/egb320/software/ros_ws/install/robot/lib/python3.11/site-packages/robot/vision/video.py
/home/pi/egb320/software/ros_ws/install/robot/lib/python3.11/site-packages/robot/navigation/__init__.py
/home/pi/egb320/software/ros_ws/install/robot/lib/python3.11/site-packages/robot/__pycache__/__init__.cpython-311.pyc
/home/pi/egb320/software/ros_ws/install/robot/lib/python3.11/site-packages/robot/__pycache__/navigation_node.cpython-311.pyc
/home/pi/egb320/software/ros_ws/install/robot/lib/python3.11/site-packages/robot/__pycache__/mobility_node.cpython-311.pyc
/home/pi/egb320/software/ros_ws/install/robot/lib/python3.11/site-packages/robot/__pycache__/collection_node.cpython-311.pyc
/home/pi/egb320/software/ros_ws/install/robot/lib/python3.11/site-packages/robot/__pycache__/vision_node.cpython-311.pyc
/home/pi/egb320/software/ros_ws/install/robot/lib/python3.11/site-packages/robot/mobility/__pycache__/__init__.cpython-311.pyc
/home/pi/egb320/software/ros_ws/install/robot/lib/python3.11/site-packages/robot/collection/__pycache__/__init__.cpython-311.pyc
/home/pi/egb320/software/ros_ws/install/robot/lib/python3.11/site-packages/robot/vision/__pycache__/__init__.cpython-311.pyc
/home/pi/egb320/software/ros_ws/install/robot/lib/python3.11/site-packages/robot/vision/__pycache__/video.cpython-311.pyc
/home/pi/egb320/software/ros_ws/install/robot/lib/python3.11/site-packages/robot/navigation/__pycache__/__init__.cpython-311.pyc
/home/pi/egb320/software/ros_ws/install/robot/share/ament_index/resource_index/packages/robot
/home/pi/egb320/software/ros_ws/install/robot/share/robot/package.xml
/home/pi/egb320/software/ros_ws/install/robot/lib/python3.11/site-packages/robot-0.0.0-py3.11.egg-info/top_level.txt
/home/pi/egb320/software/ros_ws/install/robot/lib/python3.11/site-packages/robot-0.0.0-py3.11.egg-info/entry_points.txt
/home/pi/egb320/software/ros_ws/install/robot/lib/python3.11/site-packages/robot-0.0.0-py3.11.egg-info/SOURCES.txt
/home/pi/egb320/software/ros_ws/install/robot/lib/python3.11/site-packages/robot-0.0.0-py3.11.egg-info/PKG-INFO
/home/pi/egb320/software/ros_ws/install/robot/lib/python3.11/site-packages/robot-0.0.0-py3.11.egg-info/dependency_links.txt
/home/pi/egb320/software/ros_ws/install/robot/lib/python3.11/site-packages/robot-0.0.0-py3.11.egg-info/requires.txt
/home/pi/egb320/software/ros_ws/install/robot/lib/python3.11/site-packages/robot-0.0.0-py3.11.egg-info/zip-safe
/home/pi/egb320/software/ros_ws/install/robot/lib/robot/collection
/home/pi/egb320/software/ros_ws/install/robot/lib/robot/mobility
/home/pi/egb320/software/ros_ws/install/robot/lib/robot/navigation
/home/pi/egb320/software/ros_ws/install/robot/lib/robot/vision
