[0.145s] DEBUG:colcon:Command line arguments: ['/usr/bin/colcon', 'build']
[0.145s] DEBUG:colcon:Parsed command line arguments: Namespace(log_base=None, log_level=None, verb_name='build', build_base='build', install_base='install', merge_install=False, symlink_install=False, test_result_base=None, continue_on_error=False, executor='parallel', parallel_workers=4, event_handlers=None, ignore_user_meta=False, metas=['./colcon.meta'], base_paths=['.'], packages_ignore=None, packages_ignore_regex=None, paths=None, packages_up_to=None, packages_up_to_regex=None, packages_above=None, packages_above_and_dependencies=None, packages_above_depth=None, packages_select_by_dep=None, packages_skip_by_dep=None, packages_skip_up_to=None, packages_select_build_failed=False, packages_skip_build_finished=False, packages_select_test_failures=False, packages_skip_test_passed=False, packages_select=None, packages_skip=None, packages_select_regex=None, packages_skip_regex=None, packages_start=None, packages_end=None, allow_overriding=[], cmake_args=None, cmake_target=None, cmake_target_skip_unavailable=False, cmake_clean_cache=False, cmake_clean_first=False, cmake_force_configure=False, ament_cmake_args=None, catkin_cmake_args=None, catkin_skip_building_tests=False, mixin_files=None, mixin=None, verb_parser=<colcon_mixin.mixin.mixin_argument.MixinArgumentDecorator object at 0xffff9ee80680>, verb_extension=<colcon_core.verb.build.BuildVerb object at 0xffff9f034d70>, main=<bound method BuildVerb.main of <colcon_core.verb.build.BuildVerb object at 0xffff9f034d70>>, mixin_verb=('build',))
[0.202s] Level 1:colcon.colcon_core.package_discovery:discover_packages(colcon_meta) check parameters
[0.203s] Level 1:colcon.colcon_core.package_discovery:discover_packages(recursive) check parameters
[0.203s] Level 1:colcon.colcon_core.package_discovery:discover_packages(ignore) check parameters
[0.203s] Level 1:colcon.colcon_core.package_discovery:discover_packages(path) check parameters
[0.203s] Level 1:colcon.colcon_core.package_discovery:discover_packages(colcon_meta) discover
[0.203s] Level 1:colcon.colcon_core.package_discovery:discover_packages(recursive) discover
[0.203s] INFO:colcon.colcon_core.package_discovery:Crawling recursively for packages in '/home/pi/EGB320/software/ros_ws'
[0.203s] Level 1:colcon.colcon_core.package_identification:_identify(.) by extensions ['ignore', 'ignore_ament_install']
[0.203s] Level 1:colcon.colcon_core.package_identification:_identify(.) by extension 'ignore'
[0.203s] Level 1:colcon.colcon_core.package_identification:_identify(.) by extension 'ignore_ament_install'
[0.203s] Level 1:colcon.colcon_core.package_identification:_identify(.) by extensions ['colcon_pkg']
[0.203s] Level 1:colcon.colcon_core.package_identification:_identify(.) by extension 'colcon_pkg'
[0.203s] Level 1:colcon.colcon_core.package_identification:_identify(.) by extensions ['colcon_meta']
[0.203s] Level 1:colcon.colcon_core.package_identification:_identify(.) by extension 'colcon_meta'
[0.203s] Level 1:colcon.colcon_core.package_identification:_identify(.) by extensions ['ros']
[0.204s] Level 1:colcon.colcon_core.package_identification:_identify(.) by extension 'ros'
[0.244s] Level 1:colcon.colcon_core.package_identification:_identify(.) by extensions ['cmake', 'python']
[0.244s] Level 1:colcon.colcon_core.package_identification:_identify(.) by extension 'cmake'
[0.244s] Level 1:colcon.colcon_core.package_identification:_identify(.) by extension 'python'
[0.245s] Level 1:colcon.colcon_core.package_identification:_identify(.) by extensions ['python_setup_py']
[0.245s] Level 1:colcon.colcon_core.package_identification:_identify(.) by extension 'python_setup_py'
[0.245s] Level 1:colcon.colcon_core.package_identification:_identify(build) by extensions ['ignore', 'ignore_ament_install']
[0.245s] Level 1:colcon.colcon_core.package_identification:_identify(build) by extension 'ignore'
[0.245s] Level 1:colcon.colcon_core.package_identification:_identify(build) ignored
[0.245s] Level 1:colcon.colcon_core.package_identification:_identify(install) by extensions ['ignore', 'ignore_ament_install']
[0.245s] Level 1:colcon.colcon_core.package_identification:_identify(install) by extension 'ignore'
[0.245s] Level 1:colcon.colcon_core.package_identification:_identify(install) ignored
[0.245s] Level 1:colcon.colcon_core.package_identification:_identify(log) by extensions ['ignore', 'ignore_ament_install']
[0.246s] Level 1:colcon.colcon_core.package_identification:_identify(log) by extension 'ignore'
[0.246s] Level 1:colcon.colcon_core.package_identification:_identify(log) ignored
[0.246s] Level 1:colcon.colcon_core.package_identification:_identify(src) by extensions ['ignore', 'ignore_ament_install']
[0.246s] Level 1:colcon.colcon_core.package_identification:_identify(src) by extension 'ignore'
[0.246s] Level 1:colcon.colcon_core.package_identification:_identify(src) by extension 'ignore_ament_install'
[0.246s] Level 1:colcon.colcon_core.package_identification:_identify(src) by extensions ['colcon_pkg']
[0.246s] Level 1:colcon.colcon_core.package_identification:_identify(src) by extension 'colcon_pkg'
[0.246s] Level 1:colcon.colcon_core.package_identification:_identify(src) by extensions ['colcon_meta']
[0.246s] Level 1:colcon.colcon_core.package_identification:_identify(src) by extension 'colcon_meta'
[0.246s] Level 1:colcon.colcon_core.package_identification:_identify(src) by extensions ['ros']
[0.246s] Level 1:colcon.colcon_core.package_identification:_identify(src) by extension 'ros'
[0.246s] Level 1:colcon.colcon_core.package_identification:_identify(src) by extensions ['cmake', 'python']
[0.246s] Level 1:colcon.colcon_core.package_identification:_identify(src) by extension 'cmake'
[0.246s] Level 1:colcon.colcon_core.package_identification:_identify(src) by extension 'python'
[0.246s] Level 1:colcon.colcon_core.package_identification:_identify(src) by extensions ['python_setup_py']
[0.246s] Level 1:colcon.colcon_core.package_identification:_identify(src) by extension 'python_setup_py'
[0.246s] Level 1:colcon.colcon_core.package_identification:_identify(src/mobility) by extensions ['ignore', 'ignore_ament_install']
[0.246s] Level 1:colcon.colcon_core.package_identification:_identify(src/mobility) by extension 'ignore'
[0.247s] Level 1:colcon.colcon_core.package_identification:_identify(src/mobility) by extension 'ignore_ament_install'
[0.247s] Level 1:colcon.colcon_core.package_identification:_identify(src/mobility) by extensions ['colcon_pkg']
[0.247s] Level 1:colcon.colcon_core.package_identification:_identify(src/mobility) by extension 'colcon_pkg'
[0.247s] Level 1:colcon.colcon_core.package_identification:_identify(src/mobility) by extensions ['colcon_meta']
[0.247s] Level 1:colcon.colcon_core.package_identification:_identify(src/mobility) by extension 'colcon_meta'
[0.247s] Level 1:colcon.colcon_core.package_identification:_identify(src/mobility) by extensions ['ros']
[0.247s] Level 1:colcon.colcon_core.package_identification:_identify(src/mobility) by extension 'ros'
[0.250s] DEBUG:colcon.colcon_core.package_identification:Package 'src/mobility' with type 'ros.ament_cmake' and name 'mobility'
[0.250s] Level 1:colcon.colcon_core.package_identification:_identify(src/vision) by extensions ['ignore', 'ignore_ament_install']
[0.250s] Level 1:colcon.colcon_core.package_identification:_identify(src/vision) by extension 'ignore'
[0.250s] Level 1:colcon.colcon_core.package_identification:_identify(src/vision) by extension 'ignore_ament_install'
[0.250s] Level 1:colcon.colcon_core.package_identification:_identify(src/vision) by extensions ['colcon_pkg']
[0.250s] Level 1:colcon.colcon_core.package_identification:_identify(src/vision) by extension 'colcon_pkg'
[0.250s] Level 1:colcon.colcon_core.package_identification:_identify(src/vision) by extensions ['colcon_meta']
[0.250s] Level 1:colcon.colcon_core.package_identification:_identify(src/vision) by extension 'colcon_meta'
[0.251s] Level 1:colcon.colcon_core.package_identification:_identify(src/vision) by extensions ['ros']
[0.251s] Level 1:colcon.colcon_core.package_identification:_identify(src/vision) by extension 'ros'
[0.251s] DEBUG:colcon.colcon_core.package_identification:Package 'src/vision' with type 'ros.ament_python' and name 'vision'
[0.251s] Level 1:colcon.colcon_core.package_discovery:discover_packages(recursive) using defaults
[0.251s] Level 1:colcon.colcon_core.package_discovery:discover_packages(ignore) discover
[0.251s] Level 1:colcon.colcon_core.package_discovery:discover_packages(ignore) using defaults
[0.251s] Level 1:colcon.colcon_core.package_discovery:discover_packages(path) discover
[0.251s] Level 1:colcon.colcon_core.package_discovery:discover_packages(path) using defaults
[0.275s] Level 1:colcon.colcon_core.package_discovery:discover_packages(prefix_path) check parameters
[0.275s] Level 1:colcon.colcon_core.package_discovery:discover_packages(prefix_path) discover
[0.277s] DEBUG:colcon.colcon_installed_package_information.package_discovery:Found 1 installed packages in /home/pi/EGB320/software/ros_ws/install
[0.278s] DEBUG:colcon.colcon_installed_package_information.package_discovery:Found 192 installed packages in /opt/ros/jazzy
[0.279s] Level 1:colcon.colcon_core.package_discovery:discover_packages(prefix_path) using defaults
[0.320s] Level 5:colcon.colcon_core.verb:set package 'mobility' build argument 'cmake_args' from command line to 'None'
[0.320s] Level 5:colcon.colcon_core.verb:set package 'mobility' build argument 'cmake_target' from command line to 'None'
[0.320s] Level 5:colcon.colcon_core.verb:set package 'mobility' build argument 'cmake_target_skip_unavailable' from command line to 'False'
[0.320s] Level 5:colcon.colcon_core.verb:set package 'mobility' build argument 'cmake_clean_cache' from command line to 'False'
[0.320s] Level 5:colcon.colcon_core.verb:set package 'mobility' build argument 'cmake_clean_first' from command line to 'False'
[0.320s] Level 5:colcon.colcon_core.verb:set package 'mobility' build argument 'cmake_force_configure' from command line to 'False'
[0.320s] Level 5:colcon.colcon_core.verb:set package 'mobility' build argument 'ament_cmake_args' from command line to 'None'
[0.320s] Level 5:colcon.colcon_core.verb:set package 'mobility' build argument 'catkin_cmake_args' from command line to 'None'
[0.320s] Level 5:colcon.colcon_core.verb:set package 'mobility' build argument 'catkin_skip_building_tests' from command line to 'False'
[0.320s] DEBUG:colcon.colcon_core.verb:Building package 'mobility' with the following arguments: {'ament_cmake_args': None, 'build_base': '/home/pi/EGB320/software/ros_ws/build/mobility', 'catkin_cmake_args': None, 'catkin_skip_building_tests': False, 'cmake_args': None, 'cmake_clean_cache': False, 'cmake_clean_first': False, 'cmake_force_configure': False, 'cmake_target': None, 'cmake_target_skip_unavailable': False, 'install_base': '/home/pi/EGB320/software/ros_ws/install/mobility', 'merge_install': False, 'path': '/home/pi/EGB320/software/ros_ws/src/mobility', 'symlink_install': False, 'test_result_base': None}
[0.320s] Level 5:colcon.colcon_core.verb:set package 'vision' build argument 'cmake_args' from command line to 'None'
[0.320s] Level 5:colcon.colcon_core.verb:set package 'vision' build argument 'cmake_target' from command line to 'None'
[0.320s] Level 5:colcon.colcon_core.verb:set package 'vision' build argument 'cmake_target_skip_unavailable' from command line to 'False'
[0.320s] Level 5:colcon.colcon_core.verb:set package 'vision' build argument 'cmake_clean_cache' from command line to 'False'
[0.320s] Level 5:colcon.colcon_core.verb:set package 'vision' build argument 'cmake_clean_first' from command line to 'False'
[0.320s] Level 5:colcon.colcon_core.verb:set package 'vision' build argument 'cmake_force_configure' from command line to 'False'
[0.320s] Level 5:colcon.colcon_core.verb:set package 'vision' build argument 'ament_cmake_args' from command line to 'None'
[0.320s] Level 5:colcon.colcon_core.verb:set package 'vision' build argument 'catkin_cmake_args' from command line to 'None'
[0.321s] Level 5:colcon.colcon_core.verb:set package 'vision' build argument 'catkin_skip_building_tests' from command line to 'False'
[0.321s] DEBUG:colcon.colcon_core.verb:Building package 'vision' with the following arguments: {'ament_cmake_args': None, 'build_base': '/home/pi/EGB320/software/ros_ws/build/vision', 'catkin_cmake_args': None, 'catkin_skip_building_tests': False, 'cmake_args': None, 'cmake_clean_cache': False, 'cmake_clean_first': False, 'cmake_force_configure': False, 'cmake_target': None, 'cmake_target_skip_unavailable': False, 'install_base': '/home/pi/EGB320/software/ros_ws/install/vision', 'merge_install': False, 'path': '/home/pi/EGB320/software/ros_ws/src/vision', 'symlink_install': False, 'test_result_base': None}
[0.321s] INFO:colcon.colcon_core.executor:Executing jobs using 'parallel' executor
[0.322s] DEBUG:colcon.colcon_parallel_executor.executor.parallel:run_until_complete
[0.322s] INFO:colcon.colcon_ros.task.ament_cmake.build:Building ROS package in '/home/pi/EGB320/software/ros_ws/src/mobility' with build type 'ament_cmake'
[0.322s] INFO:colcon.colcon_cmake.task.cmake.build:Building CMake package in '/home/pi/EGB320/software/ros_ws/src/mobility'
[0.325s] INFO:colcon.colcon_core.plugin_system:Skipping extension 'colcon_core.shell.bat': Not used on non-Windows systems
[0.325s] INFO:colcon.colcon_core.shell:Skip shell extension 'powershell' for command environment: Not usable outside of PowerShell
[0.325s] DEBUG:colcon.colcon_core.shell:Skip shell extension 'dsv' for command environment
[0.329s] INFO:colcon.colcon_ros.task.ament_python.build:Building ROS package in '/home/pi/EGB320/software/ros_ws/src/vision' with build type 'ament_python'
[0.329s] Level 1:colcon.colcon_core.shell:create_environment_hook('vision', 'ament_prefix_path')
[0.329s] INFO:colcon.colcon_core.shell:Creating environment hook '/home/pi/EGB320/software/ros_ws/install/vision/share/vision/hook/ament_prefix_path.ps1'
[0.331s] INFO:colcon.colcon_core.shell:Creating environment descriptor '/home/pi/EGB320/software/ros_ws/install/vision/share/vision/hook/ament_prefix_path.dsv'
[0.331s] INFO:colcon.colcon_core.shell:Creating environment hook '/home/pi/EGB320/software/ros_ws/install/vision/share/vision/hook/ament_prefix_path.sh'
[0.332s] INFO:colcon.colcon_core.shell:Skip shell extension 'powershell' for command environment: Not usable outside of PowerShell
[0.332s] DEBUG:colcon.colcon_core.shell:Skip shell extension 'dsv' for command environment
[0.340s] DEBUG:colcon.colcon_core.event_handler.log_command:Invoking command in '/home/pi/EGB320/software/ros_ws/build/mobility': CMAKE_PREFIX_PATH=/home/pi/EGB320/software/ros_ws/install/vision:/opt/ros/jazzy DEBUGINFOD_URLS=https://debuginfod.ubuntu.com /usr/bin/cmake /home/pi/EGB320/software/ros_ws/src/mobility -DCMAKE_INSTALL_PREFIX=/home/pi/EGB320/software/ros_ws/install/mobility
[0.653s] INFO:colcon.colcon_core.task.python.build:Building Python package in '/home/pi/EGB320/software/ros_ws/src/vision'
[0.653s] INFO:colcon.colcon_core.shell:Skip shell extension 'powershell' for command environment: Not usable outside of PowerShell
[0.653s] DEBUG:colcon.colcon_core.shell:Skip shell extension 'dsv' for command environment
[1.476s] DEBUG:colcon.colcon_core.event_handler.log_command:Invoking command in '/home/pi/EGB320/software/ros_ws/src/vision': DEBUGINFOD_URLS=https://debuginfod.ubuntu.com PYTHONPATH=/home/pi/EGB320/software/ros_ws/build/vision/prefix_override:/usr/lib/python3/dist-packages/colcon_core/task/python/colcon_distutils_commands:/home/pi/EGB320/software/ros_ws/install/vision/lib/python3.12/site-packages:${PYTHONPATH} /usr/bin/python3 -W ignore:setup.py install is deprecated -W ignore:easy_install command is deprecated setup.py egg_info --egg-base ../../build/vision build --build-base /home/pi/EGB320/software/ros_ws/build/vision/build install --record /home/pi/EGB320/software/ros_ws/build/vision/install.log --single-version-externally-managed install_data
[2.226s] DEBUG:colcon.colcon_core.event_handler.log_command:Invoked command in '/home/pi/EGB320/software/ros_ws/src/vision' returned '0': DEBUGINFOD_URLS=https://debuginfod.ubuntu.com PYTHONPATH=/home/pi/EGB320/software/ros_ws/build/vision/prefix_override:/usr/lib/python3/dist-packages/colcon_core/task/python/colcon_distutils_commands:/home/pi/EGB320/software/ros_ws/install/vision/lib/python3.12/site-packages:${PYTHONPATH} /usr/bin/python3 -W ignore:setup.py install is deprecated -W ignore:easy_install command is deprecated setup.py egg_info --egg-base ../../build/vision build --build-base /home/pi/EGB320/software/ros_ws/build/vision/build install --record /home/pi/EGB320/software/ros_ws/build/vision/install.log --single-version-externally-managed install_data
[2.229s] Level 1:colcon.colcon_core.environment:checking '/home/pi/EGB320/software/ros_ws/install/vision' for CMake module files
[2.229s] Level 1:colcon.colcon_core.environment:checking '/home/pi/EGB320/software/ros_ws/install/vision' for CMake config files
[2.230s] Level 1:colcon.colcon_core.environment:checking '/home/pi/EGB320/software/ros_ws/install/vision/lib'
[2.231s] Level 1:colcon.colcon_core.environment:checking '/home/pi/EGB320/software/ros_ws/install/vision/bin'
[2.231s] Level 1:colcon.colcon_core.environment:checking '/home/pi/EGB320/software/ros_ws/install/vision/lib/pkgconfig/vision.pc'
[2.231s] Level 1:colcon.colcon_core.environment:checking '/home/pi/EGB320/software/ros_ws/install/vision/lib/python3.12/site-packages'
[2.231s] Level 1:colcon.colcon_core.shell:create_environment_hook('vision', 'pythonpath')
[2.231s] INFO:colcon.colcon_core.shell:Creating environment hook '/home/pi/EGB320/software/ros_ws/install/vision/share/vision/hook/pythonpath.ps1'
[2.232s] INFO:colcon.colcon_core.shell:Creating environment descriptor '/home/pi/EGB320/software/ros_ws/install/vision/share/vision/hook/pythonpath.dsv'
[2.232s] INFO:colcon.colcon_core.shell:Creating environment hook '/home/pi/EGB320/software/ros_ws/install/vision/share/vision/hook/pythonpath.sh'
[2.234s] Level 1:colcon.colcon_core.environment:checking '/home/pi/EGB320/software/ros_ws/install/vision/bin'
[2.234s] Level 1:colcon.colcon_core.environment:create_environment_scripts_only(vision)
[2.234s] INFO:colcon.colcon_core.shell:Creating package script '/home/pi/EGB320/software/ros_ws/install/vision/share/vision/package.ps1'
[2.237s] INFO:colcon.colcon_core.shell:Creating package descriptor '/home/pi/EGB320/software/ros_ws/install/vision/share/vision/package.dsv'
[2.238s] INFO:colcon.colcon_core.shell:Creating package script '/home/pi/EGB320/software/ros_ws/install/vision/share/vision/package.sh'
[2.239s] INFO:colcon.colcon_core.shell:Creating package script '/home/pi/EGB320/software/ros_ws/install/vision/share/vision/package.bash'
[2.239s] INFO:colcon.colcon_core.shell:Creating package script '/home/pi/EGB320/software/ros_ws/install/vision/share/vision/package.zsh'
[2.240s] Level 1:colcon.colcon_core.environment:create_file_with_runtime_dependencies(/home/pi/EGB320/software/ros_ws/install/vision/share/colcon-core/packages/vision)
[2.706s] DEBUG:colcon.colcon_core.event_handler.log_command:Invoked command in '/home/pi/EGB320/software/ros_ws/build/mobility' returned '0': CMAKE_PREFIX_PATH=/home/pi/EGB320/software/ros_ws/install/vision:/opt/ros/jazzy DEBUGINFOD_URLS=https://debuginfod.ubuntu.com /usr/bin/cmake /home/pi/EGB320/software/ros_ws/src/mobility -DCMAKE_INSTALL_PREFIX=/home/pi/EGB320/software/ros_ws/install/mobility
[2.709s] DEBUG:colcon.colcon_core.event_handler.log_command:Invoking command in '/home/pi/EGB320/software/ros_ws/build/mobility': CMAKE_PREFIX_PATH=/home/pi/EGB320/software/ros_ws/install/vision:/opt/ros/jazzy DEBUGINFOD_URLS=https://debuginfod.ubuntu.com /usr/bin/cmake --build /home/pi/EGB320/software/ros_ws/build/mobility -- -j4 -l4
[15.374s] DEBUG:colcon.colcon_core.event_handler.log_command:Invoked command in '/home/pi/EGB320/software/ros_ws/build/mobility' returned '0': CMAKE_PREFIX_PATH=/home/pi/EGB320/software/ros_ws/install/vision:/opt/ros/jazzy DEBUGINFOD_URLS=https://debuginfod.ubuntu.com /usr/bin/cmake --build /home/pi/EGB320/software/ros_ws/build/mobility -- -j4 -l4
[15.392s] DEBUG:colcon.colcon_core.event_handler.log_command:Invoking command in '/home/pi/EGB320/software/ros_ws/build/mobility': CMAKE_PREFIX_PATH=/home/pi/EGB320/software/ros_ws/install/vision:/opt/ros/jazzy DEBUGINFOD_URLS=https://debuginfod.ubuntu.com /usr/bin/cmake --install /home/pi/EGB320/software/ros_ws/build/mobility
[15.420s] Level 1:colcon.colcon_core.environment:create_environment_scripts_only(mobility)
[15.420s] Level 1:colcon.colcon_core.environment:checking '/home/pi/EGB320/software/ros_ws/install/mobility' for CMake module files
[15.421s] DEBUG:colcon.colcon_core.event_handler.log_command:Invoked command in '/home/pi/EGB320/software/ros_ws/build/mobility' returned '0': CMAKE_PREFIX_PATH=/home/pi/EGB320/software/ros_ws/install/vision:/opt/ros/jazzy DEBUGINFOD_URLS=https://debuginfod.ubuntu.com /usr/bin/cmake --install /home/pi/EGB320/software/ros_ws/build/mobility
[15.421s] Level 1:colcon.colcon_core.environment:checking '/home/pi/EGB320/software/ros_ws/install/mobility' for CMake config files
[15.422s] Level 1:colcon.colcon_core.shell:create_environment_hook('mobility', 'cmake_prefix_path')
[15.422s] INFO:colcon.colcon_core.shell:Creating environment hook '/home/pi/EGB320/software/ros_ws/install/mobility/share/mobility/hook/cmake_prefix_path.ps1'
[15.423s] INFO:colcon.colcon_core.shell:Creating environment descriptor '/home/pi/EGB320/software/ros_ws/install/mobility/share/mobility/hook/cmake_prefix_path.dsv'
[15.423s] INFO:colcon.colcon_core.shell:Creating environment hook '/home/pi/EGB320/software/ros_ws/install/mobility/share/mobility/hook/cmake_prefix_path.sh'
[15.424s] Level 1:colcon.colcon_core.environment:checking '/home/pi/EGB320/software/ros_ws/install/mobility/lib'
[15.424s] Level 1:colcon.colcon_core.environment:checking '/home/pi/EGB320/software/ros_ws/install/mobility/bin'
[15.424s] Level 1:colcon.colcon_core.environment:checking '/home/pi/EGB320/software/ros_ws/install/mobility/lib/pkgconfig/mobility.pc'
[15.424s] Level 1:colcon.colcon_core.environment:checking '/home/pi/EGB320/software/ros_ws/install/mobility/lib/python3.12/site-packages'
[15.424s] Level 1:colcon.colcon_core.environment:checking '/home/pi/EGB320/software/ros_ws/install/mobility/bin'
[15.425s] INFO:colcon.colcon_core.shell:Creating package script '/home/pi/EGB320/software/ros_ws/install/mobility/share/mobility/package.ps1'
[15.425s] INFO:colcon.colcon_core.shell:Creating package descriptor '/home/pi/EGB320/software/ros_ws/install/mobility/share/mobility/package.dsv'
[15.426s] INFO:colcon.colcon_core.shell:Creating package script '/home/pi/EGB320/software/ros_ws/install/mobility/share/mobility/package.sh'
[15.426s] INFO:colcon.colcon_core.shell:Creating package script '/home/pi/EGB320/software/ros_ws/install/mobility/share/mobility/package.bash'
[15.427s] INFO:colcon.colcon_core.shell:Creating package script '/home/pi/EGB320/software/ros_ws/install/mobility/share/mobility/package.zsh'
[15.427s] Level 1:colcon.colcon_core.environment:create_file_with_runtime_dependencies(/home/pi/EGB320/software/ros_ws/install/mobility/share/colcon-core/packages/mobility)
[15.428s] Level 1:colcon.colcon_core.environment:create_environment_scripts_only(mobility)
[15.428s] Level 1:colcon.colcon_core.environment:checking '/home/pi/EGB320/software/ros_ws/install/mobility' for CMake module files
[15.429s] Level 1:colcon.colcon_core.environment:checking '/home/pi/EGB320/software/ros_ws/install/mobility' for CMake config files
[15.429s] Level 1:colcon.colcon_core.shell:create_environment_hook('mobility', 'cmake_prefix_path')
[15.429s] INFO:colcon.colcon_core.shell:Creating environment hook '/home/pi/EGB320/software/ros_ws/install/mobility/share/mobility/hook/cmake_prefix_path.ps1'
[15.430s] INFO:colcon.colcon_core.shell:Creating environment descriptor '/home/pi/EGB320/software/ros_ws/install/mobility/share/mobility/hook/cmake_prefix_path.dsv'
[15.430s] INFO:colcon.colcon_core.shell:Creating environment hook '/home/pi/EGB320/software/ros_ws/install/mobility/share/mobility/hook/cmake_prefix_path.sh'
[15.431s] Level 1:colcon.colcon_core.environment:checking '/home/pi/EGB320/software/ros_ws/install/mobility/lib'
[15.431s] Level 1:colcon.colcon_core.environment:checking '/home/pi/EGB320/software/ros_ws/install/mobility/bin'
[15.431s] Level 1:colcon.colcon_core.environment:checking '/home/pi/EGB320/software/ros_ws/install/mobility/lib/pkgconfig/mobility.pc'
[15.432s] Level 1:colcon.colcon_core.environment:checking '/home/pi/EGB320/software/ros_ws/install/mobility/lib/python3.12/site-packages'
[15.432s] Level 1:colcon.colcon_core.environment:checking '/home/pi/EGB320/software/ros_ws/install/mobility/bin'
[15.432s] INFO:colcon.colcon_core.shell:Creating package script '/home/pi/EGB320/software/ros_ws/install/mobility/share/mobility/package.ps1'
[15.433s] INFO:colcon.colcon_core.shell:Creating package descriptor '/home/pi/EGB320/software/ros_ws/install/mobility/share/mobility/package.dsv'
[15.433s] INFO:colcon.colcon_core.shell:Creating package script '/home/pi/EGB320/software/ros_ws/install/mobility/share/mobility/package.sh'
[15.434s] INFO:colcon.colcon_core.shell:Creating package script '/home/pi/EGB320/software/ros_ws/install/mobility/share/mobility/package.bash'
[15.435s] INFO:colcon.colcon_core.shell:Creating package script '/home/pi/EGB320/software/ros_ws/install/mobility/share/mobility/package.zsh'
[15.435s] Level 1:colcon.colcon_core.environment:create_file_with_runtime_dependencies(/home/pi/EGB320/software/ros_ws/install/mobility/share/colcon-core/packages/mobility)
[15.436s] DEBUG:colcon.colcon_parallel_executor.executor.parallel:closing loop
[15.436s] DEBUG:colcon.colcon_parallel_executor.executor.parallel:loop closed
[15.436s] DEBUG:colcon.colcon_parallel_executor.executor.parallel:run_until_complete finished with '0'
[15.436s] DEBUG:colcon.colcon_core.event_reactor:joining thread
[15.444s] INFO:colcon.colcon_core.plugin_system:Skipping extension 'colcon_notification.desktop_notification.terminal_notifier': Not used on non-Darwin systems
[15.444s] INFO:colcon.colcon_core.plugin_system:Skipping extension 'colcon_notification.desktop_notification.win32': Not used on non-Windows systems
[15.444s] INFO:colcon.colcon_notification.desktop_notification:Sending desktop notification using 'notify2'
[15.464s] DEBUG:colcon.colcon_core.event_reactor:joined thread
[15.464s] INFO:colcon.colcon_core.shell:Creating prefix script '/home/pi/EGB320/software/ros_ws/install/local_setup.ps1'
[15.466s] INFO:colcon.colcon_core.shell:Creating prefix util module '/home/pi/EGB320/software/ros_ws/install/_local_setup_util_ps1.py'
[15.467s] INFO:colcon.colcon_core.shell:Creating prefix chain script '/home/pi/EGB320/software/ros_ws/install/setup.ps1'
[15.468s] INFO:colcon.colcon_core.shell:Creating prefix script '/home/pi/EGB320/software/ros_ws/install/local_setup.sh'
[15.469s] INFO:colcon.colcon_core.shell:Creating prefix util module '/home/pi/EGB320/software/ros_ws/install/_local_setup_util_sh.py'
[15.469s] INFO:colcon.colcon_core.shell:Creating prefix chain script '/home/pi/EGB320/software/ros_ws/install/setup.sh'
[15.471s] INFO:colcon.colcon_core.shell:Creating prefix script '/home/pi/EGB320/software/ros_ws/install/local_setup.bash'
[15.471s] INFO:colcon.colcon_core.shell:Creating prefix chain script '/home/pi/EGB320/software/ros_ws/install/setup.bash'
[15.472s] INFO:colcon.colcon_core.shell:Creating prefix script '/home/pi/EGB320/software/ros_ws/install/local_setup.zsh'
[15.473s] INFO:colcon.colcon_core.shell:Creating prefix chain script '/home/pi/EGB320/software/ros_ws/install/setup.zsh'
