running egg_info
creating ../../build/robot/robot.egg-info
writing ../../build/robot/robot.egg-info/PKG-INFO
writing dependency_links to ../../build/robot/robot.egg-info/dependency_links.txt
writing entry points to ../../build/robot/robot.egg-info/entry_points.txt
writing requirements to ../../build/robot/robot.egg-info/requires.txt
writing top-level names to ../../build/robot/robot.egg-info/top_level.txt
writing manifest file '../../build/robot/robot.egg-info/SOURCES.txt'
reading manifest file '../../build/robot/robot.egg-info/SOURCES.txt'
writing manifest file '../../build/robot/robot.egg-info/SOURCES.txt'
running build
running build_py
creating /home/pi/egb320/software/ros_ws/build/robot/build
creating /home/pi/egb320/software/ros_ws/build/robot/build/lib
creating /home/pi/egb320/software/ros_ws/build/robot/build/lib/robot
copying robot/__init__.py -> /home/pi/egb320/software/ros_ws/build/robot/build/lib/robot
copying robot/vision.py -> /home/pi/egb320/software/ros_ws/build/robot/build/lib/robot
copying robot/collection.py -> /home/pi/egb320/software/ros_ws/build/robot/build/lib/robot
copying robot/mobility.py -> /home/pi/egb320/software/ros_ws/build/robot/build/lib/robot
copying robot/navigation.py -> /home/pi/egb320/software/ros_ws/build/robot/build/lib/robot
running install
running install_lib
creating /home/pi/egb320/software/ros_ws/install/robot/lib/python3.11/site-packages/robot
copying /home/pi/egb320/software/ros_ws/build/robot/build/lib/robot/__init__.py -> /home/pi/egb320/software/ros_ws/install/robot/lib/python3.11/site-packages/robot
copying /home/pi/egb320/software/ros_ws/build/robot/build/lib/robot/vision.py -> /home/pi/egb320/software/ros_ws/install/robot/lib/python3.11/site-packages/robot
copying /home/pi/egb320/software/ros_ws/build/robot/build/lib/robot/collection.py -> /home/pi/egb320/software/ros_ws/install/robot/lib/python3.11/site-packages/robot
copying /home/pi/egb320/software/ros_ws/build/robot/build/lib/robot/mobility.py -> /home/pi/egb320/software/ros_ws/install/robot/lib/python3.11/site-packages/robot
copying /home/pi/egb320/software/ros_ws/build/robot/build/lib/robot/navigation.py -> /home/pi/egb320/software/ros_ws/install/robot/lib/python3.11/site-packages/robot
byte-compiling /home/pi/egb320/software/ros_ws/install/robot/lib/python3.11/site-packages/robot/__init__.py to __init__.cpython-311.pyc
byte-compiling /home/pi/egb320/software/ros_ws/install/robot/lib/python3.11/site-packages/robot/vision.py to vision.cpython-311.pyc
byte-compiling /home/pi/egb320/software/ros_ws/install/robot/lib/python3.11/site-packages/robot/collection.py to collection.cpython-311.pyc
byte-compiling /home/pi/egb320/software/ros_ws/install/robot/lib/python3.11/site-packages/robot/mobility.py to mobility.cpython-311.pyc
byte-compiling /home/pi/egb320/software/ros_ws/install/robot/lib/python3.11/site-packages/robot/navigation.py to navigation.cpython-311.pyc
running install_data
creating /home/pi/egb320/software/ros_ws/install/robot/share/ament_index
creating /home/pi/egb320/software/ros_ws/install/robot/share/ament_index/resource_index
creating /home/pi/egb320/software/ros_ws/install/robot/share/ament_index/resource_index/packages
copying resource/robot -> /home/pi/egb320/software/ros_ws/install/robot/share/ament_index/resource_index/packages
copying package.xml -> /home/pi/egb320/software/ros_ws/install/robot/share/robot
running install_egg_info
Copying ../../build/robot/robot.egg-info to /home/pi/egb320/software/ros_ws/install/robot/lib/python3.11/site-packages/robot-0.0.0-py3.11.egg-info
running install_scripts
Installing collection script to /home/pi/egb320/software/ros_ws/install/robot/lib/robot
Installing mobility script to /home/pi/egb320/software/ros_ws/install/robot/lib/robot
Installing navigation script to /home/pi/egb320/software/ros_ws/install/robot/lib/robot
Installing vision script to /home/pi/egb320/software/ros_ws/install/robot/lib/robot
writing list of installed files to '/home/pi/egb320/software/ros_ws/build/robot/install.log'
