[0.933s] Invoking command in '/home/pi/egb320/software/ros_ws/src/robot': PIXI_PROMPT=(egb320) PS1=(egb320) \[\e]0;\u@\h: \w\a\]${debian_chroot:+($debian_chroot)}\[\033[01;32m\]\u@\h\[\033[00m\]:\[\033[01;34m\]\w \$\[\033[00m\] PYTHONPATH=/home/pi/egb320/software/ros_ws/build/robot/prefix_override:/home/pi/egb320/.pixi/envs/default/lib/python3.11/site-packages/colcon_core/task/python/colcon_distutils_commands:/home/pi/egb320/software/ros_ws/install/robot/lib/python3.11/site-packages:${PYTHONPATH} /home/pi/egb320/.pixi/envs/default/bin/python3.11 -W ignore:setup.py install is deprecated -W ignore:easy_install command is deprecated setup.py egg_info --egg-base ../../build/robot build --build-base /home/pi/egb320/software/ros_ws/build/robot/build install --record /home/pi/egb320/software/ros_ws/build/robot/install.log --single-version-externally-managed install_data
[1.197s] running egg_info
[1.198s] creating ../../build/robot/robot.egg-info
[1.198s] writing ../../build/robot/robot.egg-info/PKG-INFO
[1.198s] writing dependency_links to ../../build/robot/robot.egg-info/dependency_links.txt
[1.199s] writing entry points to ../../build/robot/robot.egg-info/entry_points.txt
[1.199s] writing requirements to ../../build/robot/robot.egg-info/requires.txt
[1.199s] writing top-level names to ../../build/robot/robot.egg-info/top_level.txt
[1.199s] writing manifest file '../../build/robot/robot.egg-info/SOURCES.txt'
[1.213s] reading manifest file '../../build/robot/robot.egg-info/SOURCES.txt'
[1.214s] writing manifest file '../../build/robot/robot.egg-info/SOURCES.txt'
[1.214s] running build
[1.214s] running build_py
[1.214s] creating /home/pi/egb320/software/ros_ws/build/robot/build
[1.214s] creating /home/pi/egb320/software/ros_ws/build/robot/build/lib
[1.215s] creating /home/pi/egb320/software/ros_ws/build/robot/build/lib/robot
[1.215s] copying robot/__init__.py -> /home/pi/egb320/software/ros_ws/build/robot/build/lib/robot
[1.215s] copying robot/vision.py -> /home/pi/egb320/software/ros_ws/build/robot/build/lib/robot
[1.215s] copying robot/collection.py -> /home/pi/egb320/software/ros_ws/build/robot/build/lib/robot
[1.215s] copying robot/mobility.py -> /home/pi/egb320/software/ros_ws/build/robot/build/lib/robot
[1.215s] copying robot/navigation.py -> /home/pi/egb320/software/ros_ws/build/robot/build/lib/robot
[1.215s] running install
[1.216s] running install_lib
[1.217s] creating /home/pi/egb320/software/ros_ws/install/robot/lib/python3.11/site-packages/robot
[1.217s] copying /home/pi/egb320/software/ros_ws/build/robot/build/lib/robot/__init__.py -> /home/pi/egb320/software/ros_ws/install/robot/lib/python3.11/site-packages/robot
[1.217s] copying /home/pi/egb320/software/ros_ws/build/robot/build/lib/robot/vision.py -> /home/pi/egb320/software/ros_ws/install/robot/lib/python3.11/site-packages/robot
[1.217s] copying /home/pi/egb320/software/ros_ws/build/robot/build/lib/robot/collection.py -> /home/pi/egb320/software/ros_ws/install/robot/lib/python3.11/site-packages/robot
[1.217s] copying /home/pi/egb320/software/ros_ws/build/robot/build/lib/robot/mobility.py -> /home/pi/egb320/software/ros_ws/install/robot/lib/python3.11/site-packages/robot
[1.217s] copying /home/pi/egb320/software/ros_ws/build/robot/build/lib/robot/navigation.py -> /home/pi/egb320/software/ros_ws/install/robot/lib/python3.11/site-packages/robot
[1.218s] byte-compiling /home/pi/egb320/software/ros_ws/install/robot/lib/python3.11/site-packages/robot/__init__.py to __init__.cpython-311.pyc
[1.218s] byte-compiling /home/pi/egb320/software/ros_ws/install/robot/lib/python3.11/site-packages/robot/vision.py to vision.cpython-311.pyc
[1.218s] byte-compiling /home/pi/egb320/software/ros_ws/install/robot/lib/python3.11/site-packages/robot/collection.py to collection.cpython-311.pyc
[1.219s] byte-compiling /home/pi/egb320/software/ros_ws/install/robot/lib/python3.11/site-packages/robot/mobility.py to mobility.cpython-311.pyc
[1.219s] byte-compiling /home/pi/egb320/software/ros_ws/install/robot/lib/python3.11/site-packages/robot/navigation.py to navigation.cpython-311.pyc
[1.220s] running install_data
[1.220s] creating /home/pi/egb320/software/ros_ws/install/robot/share/ament_index
[1.220s] creating /home/pi/egb320/software/ros_ws/install/robot/share/ament_index/resource_index
[1.220s] creating /home/pi/egb320/software/ros_ws/install/robot/share/ament_index/resource_index/packages
[1.220s] copying resource/robot -> /home/pi/egb320/software/ros_ws/install/robot/share/ament_index/resource_index/packages
[1.220s] copying package.xml -> /home/pi/egb320/software/ros_ws/install/robot/share/robot
[1.220s] running install_egg_info
[1.223s] Copying ../../build/robot/robot.egg-info to /home/pi/egb320/software/ros_ws/install/robot/lib/python3.11/site-packages/robot-0.0.0-py3.11.egg-info
[1.224s] running install_scripts
[1.250s] Installing collection script to /home/pi/egb320/software/ros_ws/install/robot/lib/robot
[1.250s] Installing mobility script to /home/pi/egb320/software/ros_ws/install/robot/lib/robot
[1.250s] Installing navigation script to /home/pi/egb320/software/ros_ws/install/robot/lib/robot
[1.250s] Installing vision script to /home/pi/egb320/software/ros_ws/install/robot/lib/robot
[1.250s] writing list of installed files to '/home/pi/egb320/software/ros_ws/build/robot/install.log'
[1.315s] Invoked command in '/home/pi/egb320/software/ros_ws/src/robot' returned '0': PIXI_PROMPT=(egb320) PS1=(egb320) \[\e]0;\u@\h: \w\a\]${debian_chroot:+($debian_chroot)}\[\033[01;32m\]\u@\h\[\033[00m\]:\[\033[01;34m\]\w \$\[\033[00m\] PYTHONPATH=/home/pi/egb320/software/ros_ws/build/robot/prefix_override:/home/pi/egb320/.pixi/envs/default/lib/python3.11/site-packages/colcon_core/task/python/colcon_distutils_commands:/home/pi/egb320/software/ros_ws/install/robot/lib/python3.11/site-packages:${PYTHONPATH} /home/pi/egb320/.pixi/envs/default/bin/python3.11 -W ignore:setup.py install is deprecated -W ignore:easy_install command is deprecated setup.py egg_info --egg-base ../../build/robot build --build-base /home/pi/egb320/software/ros_ws/build/robot/build install --record /home/pi/egb320/software/ros_ws/build/robot/install.log --single-version-externally-managed install_data
