[0.018s] Invoking command in '/home/pi/EGB320/software/ros_ws/build/mobility': CMAKE_PREFIX_PATH=/home/pi/EGB320/software/ros_ws/install/vision:/opt/ros/jazzy DEBUGINFOD_URLS=https://debuginfod.ubuntu.com /usr/bin/cmake /home/pi/EGB320/software/ros_ws/src/mobility -DCMAKE_INSTALL_PREFIX=/home/pi/EGB320/software/ros_ws/install/mobility
[0.466s] -- The C compiler identification is GNU 13.3.0
[0.837s] -- The CXX compiler identification is GNU 13.3.0
[0.872s] -- Detecting C compiler ABI info
[1.052s] -- Detecting C compiler ABI info - done
[1.067s] -- Check for working C compiler: /usr/bin/cc - skipped
[1.071s] -- Detecting C compile features
[1.073s] -- Detecting C compile features - done
[1.092s] -- Detecting CXX compiler ABI info
[1.277s] -- Detecting CXX compiler ABI info - done
[1.292s] -- Check for working CXX compiler: /usr/bin/c++ - skipped
[1.292s] -- Detecting CXX compile features
[1.293s] -- Detecting CXX compile features - done
[1.296s] -- Found ament_cmake: 2.5.4 (/opt/ros/jazzy/share/ament_cmake/cmake)
[1.490s] -- Found Python3: /usr/bin/python3 (found version "3.12.3") found components: Interpreter 
[1.654s] -- Found rclcpp: 28.1.10 (/opt/ros/jazzy/share/rclcpp/cmake)
[1.698s] -- Found rosidl_generator_c: 4.6.5 (/opt/ros/jazzy/share/rosidl_generator_c/cmake)
[1.716s] -- Found rosidl_generator_cpp: 4.6.5 (/opt/ros/jazzy/share/rosidl_generator_cpp/cmake)
[1.736s] -- Using all available rosidl_typesupport_c: rosidl_typesupport_fastrtps_c;rosidl_typesupport_introspection_c
[1.760s] -- Using all available rosidl_typesupport_cpp: rosidl_typesupport_fastrtps_cpp;rosidl_typesupport_introspection_cpp
[1.867s] -- Found rmw_implementation_cmake: 7.3.2 (/opt/ros/jazzy/share/rmw_implementation_cmake/cmake)
[1.870s] -- Found rmw_fastrtps_cpp: 8.4.2 (/opt/ros/jazzy/share/rmw_fastrtps_cpp/cmake)
[2.006s] -- Found OpenSSL: /usr/lib/aarch64-linux-gnu/libcrypto.so (found version "3.0.13")  
[2.031s] -- Found FastRTPS: /opt/ros/jazzy/include (Required is at least version "2.13") 
[2.065s] -- Using RMW implementation 'rmw_fastrtps_cpp' as default
[2.155s] -- Found std_msgs: 5.3.6 (/opt/ros/jazzy/share/std_msgs/cmake)
[2.175s] -- Found ament_lint_auto: 0.17.2 (/opt/ros/jazzy/share/ament_lint_auto/cmake)
[2.339s] -- Added test 'cppcheck' to perform static code analysis on C / C++ code
[2.339s] -- Configured cppcheck include dirs: 
[2.340s] -- Configured cppcheck exclude dirs and/or files: 
[2.340s] -- Added test 'lint_cmake' to check CMake code style
[2.342s] -- Added test 'uncrustify' to check C / C++ code style
[2.342s] -- Configured uncrustify additional arguments: 
[2.343s] -- Added test 'xmllint' to check XML markup files
[2.345s] -- Configuring done (2.3s)
[2.361s] -- Generating done (0.0s)
[2.367s] -- Build files have been written to: /home/pi/EGB320/software/ros_ws/build/mobility
[2.384s] Invoked command in '/home/pi/EGB320/software/ros_ws/build/mobility' returned '0': CMAKE_PREFIX_PATH=/home/pi/EGB320/software/ros_ws/install/vision:/opt/ros/jazzy DEBUGINFOD_URLS=https://debuginfod.ubuntu.com /usr/bin/cmake /home/pi/EGB320/software/ros_ws/src/mobility -DCMAKE_INSTALL_PREFIX=/home/pi/EGB320/software/ros_ws/install/mobility
[2.386s] Invoking command in '/home/pi/EGB320/software/ros_ws/build/mobility': CMAKE_PREFIX_PATH=/home/pi/EGB320/software/ros_ws/install/vision:/opt/ros/jazzy DEBUGINFOD_URLS=https://debuginfod.ubuntu.com /usr/bin/cmake --build /home/pi/EGB320/software/ros_ws/build/mobility -- -j4 -l4
[2.472s] [ 50%] [32mBuilding CXX object CMakeFiles/listener.dir/src/mobility_main.cpp.o[0m
[14.342s] [100%] [32m[1mLinking CXX executable listener[0m
[15.032s] [100%] Built target listener
[15.052s] Invoked command in '/home/pi/EGB320/software/ros_ws/build/mobility' returned '0': CMAKE_PREFIX_PATH=/home/pi/EGB320/software/ros_ws/install/vision:/opt/ros/jazzy DEBUGINFOD_URLS=https://debuginfod.ubuntu.com /usr/bin/cmake --build /home/pi/EGB320/software/ros_ws/build/mobility -- -j4 -l4
[15.069s] Invoking command in '/home/pi/EGB320/software/ros_ws/build/mobility': CMAKE_PREFIX_PATH=/home/pi/EGB320/software/ros_ws/install/vision:/opt/ros/jazzy DEBUGINFOD_URLS=https://debuginfod.ubuntu.com /usr/bin/cmake --install /home/pi/EGB320/software/ros_ws/build/mobility
[15.083s] -- Install configuration: ""
[15.083s] -- Installing: /home/pi/EGB320/software/ros_ws/install/mobility/lib/mobility/listener
[15.092s] -- Set non-toolchain portion of runtime path of "/home/pi/EGB320/software/ros_ws/install/mobility/lib/mobility/listener" to ""
[15.092s] -- Installing: /home/pi/EGB320/software/ros_ws/install/mobility/share/ament_index/resource_index/package_run_dependencies/mobility
[15.092s] -- Installing: /home/pi/EGB320/software/ros_ws/install/mobility/share/ament_index/resource_index/parent_prefix_path/mobility
[15.093s] -- Installing: /home/pi/EGB320/software/ros_ws/install/mobility/share/mobility/environment/ament_prefix_path.sh
[15.093s] -- Installing: /home/pi/EGB320/software/ros_ws/install/mobility/share/mobility/environment/ament_prefix_path.dsv
[15.093s] -- Installing: /home/pi/EGB320/software/ros_ws/install/mobility/share/mobility/environment/path.sh
[15.093s] -- Installing: /home/pi/EGB320/software/ros_ws/install/mobility/share/mobility/environment/path.dsv
[15.093s] -- Installing: /home/pi/EGB320/software/ros_ws/install/mobility/share/mobility/local_setup.bash
[15.093s] -- Installing: /home/pi/EGB320/software/ros_ws/install/mobility/share/mobility/local_setup.sh
[15.094s] -- Installing: /home/pi/EGB320/software/ros_ws/install/mobility/share/mobility/local_setup.zsh
[15.094s] -- Installing: /home/pi/EGB320/software/ros_ws/install/mobility/share/mobility/local_setup.dsv
[15.094s] -- Installing: /home/pi/EGB320/software/ros_ws/install/mobility/share/mobility/package.dsv
[15.094s] -- Installing: /home/pi/EGB320/software/ros_ws/install/mobility/share/ament_index/resource_index/packages/mobility
[15.094s] -- Installing: /home/pi/EGB320/software/ros_ws/install/mobility/share/mobility/cmake/mobilityConfig.cmake
[15.095s] -- Installing: /home/pi/EGB320/software/ros_ws/install/mobility/share/mobility/cmake/mobilityConfig-version.cmake
[15.095s] -- Installing: /home/pi/EGB320/software/ros_ws/install/mobility/share/mobility/package.xml
[15.098s] Invoked command in '/home/pi/EGB320/software/ros_ws/build/mobility' returned '0': CMAKE_PREFIX_PATH=/home/pi/EGB320/software/ros_ws/install/vision:/opt/ros/jazzy DEBUGINFOD_URLS=https://debuginfod.ubuntu.com /usr/bin/cmake --install /home/pi/EGB320/software/ros_ws/build/mobility
