[0.775s] Invoking command in '/home/pi/egb320/software/ros_ws/src/robot': CONDA_ENV_SHLVL_2_PIXI_PROMPT=(egb320) PIXI_PROMPT=(egb320) PS1=(egb320) \[\e]0;\u@\h: \w\a\]${debian_chroot:+($debian_chroot)}\[\033[01;32m\]\u@\h\[\033[00m\]:\[\033[01;34m\]\w \$\[\033[00m\] PYTHONPATH=/home/pi/egb320/software/ros_ws/build/robot/prefix_override:/home/pi/egb320/.pixi/envs/default/lib/python3.11/site-packages/colcon_core/task/python/colcon_distutils_commands:/home/pi/egb320/software/ros_ws/install/robot/lib/python3.11/site-packages:${PYTHONPATH} /home/pi/egb320/.pixi/envs/default/bin/python3.11 -W ignore:setup.py install is deprecated -W ignore:easy_install command is deprecated setup.py egg_info --egg-base ../../build/robot build --build-base /home/pi/egb320/software/ros_ws/build/robot/build install --record /home/pi/egb320/software/ros_ws/build/robot/install.log --single-version-externally-managed install_data
[1.041s] running egg_info
[1.042s] writing ../../build/robot/robot.egg-info/PKG-INFO
[1.042s] writing dependency_links to ../../build/robot/robot.egg-info/dependency_links.txt
[1.045s] writing entry points to ../../build/robot/robot.egg-info/entry_points.txt
[1.046s] writing requirements to ../../build/robot/robot.egg-info/requires.txt
[1.047s] writing top-level names to ../../build/robot/robot.egg-info/top_level.txt
[1.062s] reading manifest file '../../build/robot/robot.egg-info/SOURCES.txt'
[1.062s] writing manifest file '../../build/robot/robot.egg-info/SOURCES.txt'
[1.063s] running build
[1.063s] running build_py
[1.063s] copying robot/vision.py -> /home/pi/egb320/software/ros_ws/build/robot/build/lib/robot
[1.063s] running install
[1.064s] running install_lib
[1.064s] copying /home/pi/egb320/software/ros_ws/build/robot/build/lib/robot/vision.py -> /home/pi/egb320/software/ros_ws/install/robot/lib/python3.11/site-packages/robot
[1.065s] byte-compiling /home/pi/egb320/software/ros_ws/install/robot/lib/python3.11/site-packages/robot/vision.py to vision.cpython-311.pyc
[1.066s] running install_data
[1.066s] running install_egg_info
[1.069s] removing '/home/pi/egb320/software/ros_ws/install/robot/lib/python3.11/site-packages/robot-0.0.0-py3.11.egg-info' (and everything under it)
[1.071s] Copying ../../build/robot/robot.egg-info to /home/pi/egb320/software/ros_ws/install/robot/lib/python3.11/site-packages/robot-0.0.0-py3.11.egg-info
[1.071s] running install_scripts
[1.096s] Installing collection script to /home/pi/egb320/software/ros_ws/install/robot/lib/robot
[1.097s] Installing mobility script to /home/pi/egb320/software/ros_ws/install/robot/lib/robot
[1.099s] Installing navigation script to /home/pi/egb320/software/ros_ws/install/robot/lib/robot
[1.100s] Installing vision script to /home/pi/egb320/software/ros_ws/install/robot/lib/robot
[1.104s] writing list of installed files to '/home/pi/egb320/software/ros_ws/build/robot/install.log'
[1.168s] Invoked command in '/home/pi/egb320/software/ros_ws/src/robot' returned '0': CONDA_ENV_SHLVL_2_PIXI_PROMPT=(egb320) PIXI_PROMPT=(egb320) PS1=(egb320) \[\e]0;\u@\h: \w\a\]${debian_chroot:+($debian_chroot)}\[\033[01;32m\]\u@\h\[\033[00m\]:\[\033[01;34m\]\w \$\[\033[00m\] PYTHONPATH=/home/pi/egb320/software/ros_ws/build/robot/prefix_override:/home/pi/egb320/.pixi/envs/default/lib/python3.11/site-packages/colcon_core/task/python/colcon_distutils_commands:/home/pi/egb320/software/ros_ws/install/robot/lib/python3.11/site-packages:${PYTHONPATH} /home/pi/egb320/.pixi/envs/default/bin/python3.11 -W ignore:setup.py install is deprecated -W ignore:easy_install command is deprecated setup.py egg_info --egg-base ../../build/robot build --build-base /home/pi/egb320/software/ros_ws/build/robot/build install --record /home/pi/egb320/software/ros_ws/build/robot/install.log --single-version-externally-managed install_data
