[1.051s] Invoking command in '/home/pi/EGB320/software/ros_ws/src/vision': DEBUGINFOD_URLS=https://debuginfod.ubuntu.com PYTHONPATH=/home/pi/EGB320/software/ros_ws/build/vision/prefix_override:/usr/lib/python3/dist-packages/colcon_core/task/python/colcon_distutils_commands:/home/pi/EGB320/software/ros_ws/install/vision/lib/python3.12/site-packages:${PYTHONPATH} /usr/bin/python3 -W ignore:setup.py install is deprecated -W ignore:easy_install command is deprecated setup.py egg_info --egg-base ../../build/vision build --build-base /home/pi/EGB320/software/ros_ws/build/vision/build install --record /home/pi/EGB320/software/ros_ws/build/vision/install.log --single-version-externally-managed install_data
[1.373s] running egg_info
[1.393s] writing ../../build/vision/vision.egg-info/PKG-INFO
[1.394s] writing dependency_links to ../../build/vision/vision.egg-info/dependency_links.txt
[1.395s] writing entry points to ../../build/vision/vision.egg-info/entry_points.txt
[1.395s] writing requirements to ../../build/vision/vision.egg-info/requires.txt
[1.395s] writing top-level names to ../../build/vision/vision.egg-info/top_level.txt
[1.438s] reading manifest file '../../build/vision/vision.egg-info/SOURCES.txt'
[1.439s] adding license file 'LICENSE'
[1.439s] writing manifest file '../../build/vision/vision.egg-info/SOURCES.txt'
[1.440s] running build
[1.440s] running build_py
[1.440s] copying vision/vision.py -> /home/pi/EGB320/software/ros_ws/build/vision/build/lib/vision
[1.440s] running install
[1.450s] running install_lib
[1.471s] copying /home/pi/EGB320/software/ros_ws/build/vision/build/lib/vision/vision.py -> /home/pi/EGB320/software/ros_ws/install/vision/lib/python3.12/site-packages/vision
[1.472s] byte-compiling /home/pi/EGB320/software/ros_ws/install/vision/lib/python3.12/site-packages/vision/vision.py to vision.cpython-312.pyc
[1.472s] running install_data
[1.473s] copying package.xml -> /home/pi/EGB320/software/ros_ws/install/vision/share/vision
[1.473s] running install_egg_info
[1.496s] removing '/home/pi/EGB320/software/ros_ws/install/vision/lib/python3.12/site-packages/vision-0.0.0-py3.12.egg-info' (and everything under it)
[1.496s] Copying ../../build/vision/vision.egg-info to /home/pi/EGB320/software/ros_ws/install/vision/lib/python3.12/site-packages/vision-0.0.0-py3.12.egg-info
[1.498s] running install_scripts
[1.649s] Installing talker script to /home/pi/EGB320/software/ros_ws/install/vision/lib/vision
[1.649s] writing list of installed files to '/home/pi/EGB320/software/ros_ws/build/vision/install.log'
[1.732s] Invoked command in '/home/pi/EGB320/software/ros_ws/src/vision' returned '0': DEBUGINFOD_URLS=https://debuginfod.ubuntu.com PYTHONPATH=/home/pi/EGB320/software/ros_ws/build/vision/prefix_override:/usr/lib/python3/dist-packages/colcon_core/task/python/colcon_distutils_commands:/home/pi/EGB320/software/ros_ws/install/vision/lib/python3.12/site-packages:${PYTHONPATH} /usr/bin/python3 -W ignore:setup.py install is deprecated -W ignore:easy_install command is deprecated setup.py egg_info --egg-base ../../build/vision build --build-base /home/pi/EGB320/software/ros_ws/build/vision/build install --record /home/pi/EGB320/software/ros_ws/build/vision/install.log --single-version-externally-managed install_data
