running egg_info
creating ../../../../build/robot/robot.egg-info
writing ../../../../build/robot/robot.egg-info/PKG-INFO
writing dependency_links to ../../../../build/robot/robot.egg-info/dependency_links.txt
writing entry points to ../../../../build/robot/robot.egg-info/entry_points.txt
writing requirements to ../../../../build/robot/robot.egg-info/requires.txt
writing top-level names to ../../../../build/robot/robot.egg-info/top_level.txt
writing manifest file '../../../../build/robot/robot.egg-info/SOURCES.txt'
reading manifest file '../../../../build/robot/robot.egg-info/SOURCES.txt'
writing manifest file '../../../../build/robot/robot.egg-info/SOURCES.txt'
running build
running build_py
creating /home/pi/egb320/build/robot/build
creating /home/pi/egb320/build/robot/build/lib
creating /home/pi/egb320/build/robot/build/lib/robot
copying robot/__init__.py -> /home/pi/egb320/build/robot/build/lib/robot
copying robot/navigation_node.py -> /home/pi/egb320/build/robot/build/lib/robot
copying robot/mobility_node.py -> /home/pi/egb320/build/robot/build/lib/robot
copying robot/collection_node.py -> /home/pi/egb320/build/robot/build/lib/robot
copying robot/vision_node.py -> /home/pi/egb320/build/robot/build/lib/robot
creating /home/pi/egb320/build/robot/build/lib/robot/mobility
copying robot/mobility/__init__.py -> /home/pi/egb320/build/robot/build/lib/robot/mobility
creating /home/pi/egb320/build/robot/build/lib/robot/collection
copying robot/collection/__init__.py -> /home/pi/egb320/build/robot/build/lib/robot/collection
creating /home/pi/egb320/build/robot/build/lib/robot/vision
copying robot/vision/__init__.py -> /home/pi/egb320/build/robot/build/lib/robot/vision
copying robot/vision/video.py -> /home/pi/egb320/build/robot/build/lib/robot/vision
creating /home/pi/egb320/build/robot/build/lib/robot/navigation
copying robot/navigation/__init__.py -> /home/pi/egb320/build/robot/build/lib/robot/navigation
running install
running install_lib
creating /home/pi/egb320/install/robot/lib/python3.11/site-packages/robot
copying /home/pi/egb320/build/robot/build/lib/robot/__init__.py -> /home/pi/egb320/install/robot/lib/python3.11/site-packages/robot
copying /home/pi/egb320/build/robot/build/lib/robot/navigation_node.py -> /home/pi/egb320/install/robot/lib/python3.11/site-packages/robot
creating /home/pi/egb320/install/robot/lib/python3.11/site-packages/robot/mobility
copying /home/pi/egb320/build/robot/build/lib/robot/mobility/__init__.py -> /home/pi/egb320/install/robot/lib/python3.11/site-packages/robot/mobility
creating /home/pi/egb320/install/robot/lib/python3.11/site-packages/robot/collection
copying /home/pi/egb320/build/robot/build/lib/robot/collection/__init__.py -> /home/pi/egb320/install/robot/lib/python3.11/site-packages/robot/collection
copying /home/pi/egb320/build/robot/build/lib/robot/mobility_node.py -> /home/pi/egb320/install/robot/lib/python3.11/site-packages/robot
creating /home/pi/egb320/install/robot/lib/python3.11/site-packages/robot/vision
copying /home/pi/egb320/build/robot/build/lib/robot/vision/__init__.py -> /home/pi/egb320/install/robot/lib/python3.11/site-packages/robot/vision
copying /home/pi/egb320/build/robot/build/lib/robot/vision/video.py -> /home/pi/egb320/install/robot/lib/python3.11/site-packages/robot/vision
copying /home/pi/egb320/build/robot/build/lib/robot/collection_node.py -> /home/pi/egb320/install/robot/lib/python3.11/site-packages/robot
copying /home/pi/egb320/build/robot/build/lib/robot/vision_node.py -> /home/pi/egb320/install/robot/lib/python3.11/site-packages/robot
creating /home/pi/egb320/install/robot/lib/python3.11/site-packages/robot/navigation
copying /home/pi/egb320/build/robot/build/lib/robot/navigation/__init__.py -> /home/pi/egb320/install/robot/lib/python3.11/site-packages/robot/navigation
byte-compiling /home/pi/egb320/install/robot/lib/python3.11/site-packages/robot/__init__.py to __init__.cpython-311.pyc
byte-compiling /home/pi/egb320/install/robot/lib/python3.11/site-packages/robot/navigation_node.py to navigation_node.cpython-311.pyc
byte-compiling /home/pi/egb320/install/robot/lib/python3.11/site-packages/robot/mobility/__init__.py to __init__.cpython-311.pyc
byte-compiling /home/pi/egb320/install/robot/lib/python3.11/site-packages/robot/collection/__init__.py to __init__.cpython-311.pyc
byte-compiling /home/pi/egb320/install/robot/lib/python3.11/site-packages/robot/mobility_node.py to mobility_node.cpython-311.pyc
byte-compiling /home/pi/egb320/install/robot/lib/python3.11/site-packages/robot/vision/__init__.py to __init__.cpython-311.pyc
byte-compiling /home/pi/egb320/install/robot/lib/python3.11/site-packages/robot/vision/video.py to video.cpython-311.pyc
byte-compiling /home/pi/egb320/install/robot/lib/python3.11/site-packages/robot/collection_node.py to collection_node.cpython-311.pyc
byte-compiling /home/pi/egb320/install/robot/lib/python3.11/site-packages/robot/vision_node.py to vision_node.cpython-311.pyc
byte-compiling /home/pi/egb320/install/robot/lib/python3.11/site-packages/robot/navigation/__init__.py to __init__.cpython-311.pyc
running install_data
creating /home/pi/egb320/install/robot/share/ament_index
creating /home/pi/egb320/install/robot/share/ament_index/resource_index
creating /home/pi/egb320/install/robot/share/ament_index/resource_index/packages
copying resource/robot -> /home/pi/egb320/install/robot/share/ament_index/resource_index/packages
copying package.xml -> /home/pi/egb320/install/robot/share/robot
running install_egg_info
Copying ../../../../build/robot/robot.egg-info to /home/pi/egb320/install/robot/lib/python3.11/site-packages/robot-0.0.0-py3.11.egg-info
running install_scripts
Installing collection script to /home/pi/egb320/install/robot/lib/robot
Installing mobility script to /home/pi/egb320/install/robot/lib/robot
Installing navigation script to /home/pi/egb320/install/robot/lib/robot
Installing vision script to /home/pi/egb320/install/robot/lib/robot
writing list of installed files to '/home/pi/egb320/build/robot/install.log'
