running egg_info
writing ../../build/robot/robot.egg-info/PKG-INFO
writing dependency_links to ../../build/robot/robot.egg-info/dependency_links.txt
writing entry points to ../../build/robot/robot.egg-info/entry_points.txt
writing requirements to ../../build/robot/robot.egg-info/requires.txt
writing top-level names to ../../build/robot/robot.egg-info/top_level.txt
reading manifest file '../../build/robot/robot.egg-info/SOURCES.txt'
writing manifest file '../../build/robot/robot.egg-info/SOURCES.txt'
running build
running build_py
copying robot/vision_node.py -> /home/pi/egb320/software/ros_ws/build/robot/build/lib/robot
running install
running install_lib
copying /home/pi/egb320/software/ros_ws/build/robot/build/lib/robot/vision_node.py -> /home/pi/egb320/software/ros_ws/install/robot/lib/python3.11/site-packages/robot
byte-compiling /home/pi/egb320/software/ros_ws/install/robot/lib/python3.11/site-packages/robot/vision_node.py to vision_node.cpython-311.pyc
running install_data
running install_egg_info
removing '/home/pi/egb320/software/ros_ws/install/robot/lib/python3.11/site-packages/robot-0.0.0-py3.11.egg-info' (and everything under it)
Copying ../../build/robot/robot.egg-info to /home/pi/egb320/software/ros_ws/install/robot/lib/python3.11/site-packages/robot-0.0.0-py3.11.egg-info
running install_scripts
Installing collection script to /home/pi/egb320/software/ros_ws/install/robot/lib/robot
Installing mobility script to /home/pi/egb320/software/ros_ws/install/robot/lib/robot
Installing navigation script to /home/pi/egb320/software/ros_ws/install/robot/lib/robot
Installing vision script to /home/pi/egb320/software/ros_ws/install/robot/lib/robot
writing list of installed files to '/home/pi/egb320/software/ros_ws/build/robot/install.log'
