[1.146s] Invoking command in '/home/pi/egb320/software/ros_ws/src/robot': CONDA_ENV_SHLVL_2_PIXI_PROMPT=(egb320) PIXI_PROMPT=(egb320) PS1=(egb320) \[\e]0;\u@\h: \w\a\]${debian_chroot:+($debian_chroot)}\[\033[01;32m\]\u@\h\[\033[00m\]:\[\033[01;34m\]\w \$\[\033[00m\] PYTHONPATH=/home/pi/egb320/software/ros_ws/build/robot/prefix_override:/home/pi/egb320/.pixi/envs/default/lib/python3.11/site-packages/colcon_core/task/python/colcon_distutils_commands:/home/pi/egb320/software/ros_ws/install/robot/lib/python3.11/site-packages:${PYTHONPATH} /home/pi/egb320/.pixi/envs/default/bin/python3.11 -W ignore:setup.py install is deprecated -W ignore:easy_install command is deprecated setup.py egg_info --egg-base ../../build/robot build --build-base /home/pi/egb320/software/ros_ws/build/robot/build install --record /home/pi/egb320/software/ros_ws/build/robot/install.log --single-version-externally-managed install_data
[1.535s] running egg_info
[1.535s] writing ../../build/robot/robot.egg-info/PKG-INFO
[1.535s] writing dependency_links to ../../build/robot/robot.egg-info/dependency_links.txt
[1.538s] writing entry points to ../../build/robot/robot.egg-info/entry_points.txt
[1.538s] writing requirements to ../../build/robot/robot.egg-info/requires.txt
[1.539s] writing top-level names to ../../build/robot/robot.egg-info/top_level.txt
[1.555s] reading manifest file '../../build/robot/robot.egg-info/SOURCES.txt'
[1.556s] writing manifest file '../../build/robot/robot.egg-info/SOURCES.txt'
[1.556s] running build
[1.556s] running build_py
[1.556s] copying robot/navigation_node.py -> /home/pi/egb320/software/ros_ws/build/robot/build/lib/robot
[1.556s] copying robot/mobility_node.py -> /home/pi/egb320/software/ros_ws/build/robot/build/lib/robot
[1.558s] copying robot/collection_node.py -> /home/pi/egb320/software/ros_ws/build/robot/build/lib/robot
[1.558s] creating /home/pi/egb320/software/ros_ws/build/robot/build/lib/robot/mobility
[1.558s] copying robot/mobility/__init__.py -> /home/pi/egb320/software/ros_ws/build/robot/build/lib/robot/mobility
[1.559s] creating /home/pi/egb320/software/ros_ws/build/robot/build/lib/robot/collection
[1.559s] copying robot/collection/__init__.py -> /home/pi/egb320/software/ros_ws/build/robot/build/lib/robot/collection
[1.559s] creating /home/pi/egb320/software/ros_ws/build/robot/build/lib/robot/navigation
[1.559s] copying robot/navigation/__init__.py -> /home/pi/egb320/software/ros_ws/build/robot/build/lib/robot/navigation
[1.559s] running install
[1.559s] running install_lib
[1.559s] copying /home/pi/egb320/software/ros_ws/build/robot/build/lib/robot/navigation_node.py -> /home/pi/egb320/software/ros_ws/install/robot/lib/python3.11/site-packages/robot
[1.559s] creating /home/pi/egb320/software/ros_ws/install/robot/lib/python3.11/site-packages/robot/mobility
[1.560s] copying /home/pi/egb320/software/ros_ws/build/robot/build/lib/robot/mobility/__init__.py -> /home/pi/egb320/software/ros_ws/install/robot/lib/python3.11/site-packages/robot/mobility
[1.560s] creating /home/pi/egb320/software/ros_ws/install/robot/lib/python3.11/site-packages/robot/collection
[1.560s] copying /home/pi/egb320/software/ros_ws/build/robot/build/lib/robot/collection/__init__.py -> /home/pi/egb320/software/ros_ws/install/robot/lib/python3.11/site-packages/robot/collection
[1.560s] copying /home/pi/egb320/software/ros_ws/build/robot/build/lib/robot/mobility_node.py -> /home/pi/egb320/software/ros_ws/install/robot/lib/python3.11/site-packages/robot
[1.560s] copying /home/pi/egb320/software/ros_ws/build/robot/build/lib/robot/collection_node.py -> /home/pi/egb320/software/ros_ws/install/robot/lib/python3.11/site-packages/robot
[1.561s] creating /home/pi/egb320/software/ros_ws/install/robot/lib/python3.11/site-packages/robot/navigation
[1.565s] copying /home/pi/egb320/software/ros_ws/build/robot/build/lib/robot/navigation/__init__.py -> /home/pi/egb320/software/ros_ws/install/robot/lib/python3.11/site-packages/robot/navigation
[1.565s] byte-compiling /home/pi/egb320/software/ros_ws/install/robot/lib/python3.11/site-packages/robot/navigation_node.py to navigation_node.cpython-311.pyc
[1.565s] byte-compiling /home/pi/egb320/software/ros_ws/install/robot/lib/python3.11/site-packages/robot/mobility/__init__.py to __init__.cpython-311.pyc
[1.565s] byte-compiling /home/pi/egb320/software/ros_ws/install/robot/lib/python3.11/site-packages/robot/collection/__init__.py to __init__.cpython-311.pyc
[1.565s] byte-compiling /home/pi/egb320/software/ros_ws/install/robot/lib/python3.11/site-packages/robot/mobility_node.py to mobility_node.cpython-311.pyc
[1.565s] byte-compiling /home/pi/egb320/software/ros_ws/install/robot/lib/python3.11/site-packages/robot/collection_node.py to collection_node.cpython-311.pyc
[1.565s] byte-compiling /home/pi/egb320/software/ros_ws/install/robot/lib/python3.11/site-packages/robot/navigation/__init__.py to __init__.cpython-311.pyc
[1.565s] running install_data
[1.565s] running install_egg_info
[1.567s] removing '/home/pi/egb320/software/ros_ws/install/robot/lib/python3.11/site-packages/robot-0.0.0-py3.11.egg-info' (and everything under it)
[1.573s] Copying ../../build/robot/robot.egg-info to /home/pi/egb320/software/ros_ws/install/robot/lib/python3.11/site-packages/robot-0.0.0-py3.11.egg-info
[1.573s] running install_scripts
[1.631s] Installing collection script to /home/pi/egb320/software/ros_ws/install/robot/lib/robot
[1.632s] Installing mobility script to /home/pi/egb320/software/ros_ws/install/robot/lib/robot
[1.634s] Installing navigation script to /home/pi/egb320/software/ros_ws/install/robot/lib/robot
[1.635s] Installing vision script to /home/pi/egb320/software/ros_ws/install/robot/lib/robot
[1.639s] writing list of installed files to '/home/pi/egb320/software/ros_ws/build/robot/install.log'
[1.721s] Invoked command in '/home/pi/egb320/software/ros_ws/src/robot' returned '0': CONDA_ENV_SHLVL_2_PIXI_PROMPT=(egb320) PIXI_PROMPT=(egb320) PS1=(egb320) \[\e]0;\u@\h: \w\a\]${debian_chroot:+($debian_chroot)}\[\033[01;32m\]\u@\h\[\033[00m\]:\[\033[01;34m\]\w \$\[\033[00m\] PYTHONPATH=/home/pi/egb320/software/ros_ws/build/robot/prefix_override:/home/pi/egb320/.pixi/envs/default/lib/python3.11/site-packages/colcon_core/task/python/colcon_distutils_commands:/home/pi/egb320/software/ros_ws/install/robot/lib/python3.11/site-packages:${PYTHONPATH} /home/pi/egb320/.pixi/envs/default/bin/python3.11 -W ignore:setup.py install is deprecated -W ignore:easy_install command is deprecated setup.py egg_info --egg-base ../../build/robot build --build-base /home/pi/egb320/software/ros_ws/build/robot/build install --record /home/pi/egb320/software/ros_ws/build/robot/install.log --single-version-externally-managed install_data
