[1.061s] Invoking command in '/home/pi/EGB320/software/ros_ws/src/vision': DEBUGINFOD_URLS=https://debuginfod.ubuntu.com PYTHONPATH=/home/pi/EGB320/software/ros_ws/build/vision/prefix_override:/usr/lib/python3/dist-packages/colcon_core/task/python/colcon_distutils_commands:/home/pi/EGB320/software/ros_ws/install/vision/lib/python3.12/site-packages:${PYTHONPATH} /usr/bin/python3 -W ignore:setup.py install is deprecated -W ignore:easy_install command is deprecated setup.py egg_info --egg-base ../../build/vision build --build-base /home/pi/EGB320/software/ros_ws/build/vision/build install --record /home/pi/EGB320/software/ros_ws/build/vision/install.log --single-version-externally-managed install_data
[1.379s] running egg_info
[1.380s] creating ../../build/vision/vision.egg-info
[1.399s] writing ../../build/vision/vision.egg-info/PKG-INFO
[1.400s] writing dependency_links to ../../build/vision/vision.egg-info/dependency_links.txt
[1.400s] writing requirements to ../../build/vision/vision.egg-info/requires.txt
[1.400s] writing top-level names to ../../build/vision/vision.egg-info/top_level.txt
[1.400s] writing manifest file '../../build/vision/vision.egg-info/SOURCES.txt'
[1.442s] reading manifest file '../../build/vision/vision.egg-info/SOURCES.txt'
[1.442s] adding license file 'LICENSE'
[1.443s] writing manifest file '../../build/vision/vision.egg-info/SOURCES.txt'
[1.443s] running build
[1.443s] running build_py
[1.443s] creating /home/pi/EGB320/software/ros_ws/build/vision/build
[1.443s] creating /home/pi/EGB320/software/ros_ws/build/vision/build/lib
[1.443s] creating /home/pi/EGB320/software/ros_ws/build/vision/build/lib/vision
[1.444s] copying vision/__init__.py -> /home/pi/EGB320/software/ros_ws/build/vision/build/lib/vision
[1.444s] running install
[1.453s] running install_lib
[1.474s] creating /home/pi/EGB320/software/ros_ws/install/vision/lib/python3.12/site-packages/vision
[1.474s] copying /home/pi/EGB320/software/ros_ws/build/vision/build/lib/vision/__init__.py -> /home/pi/EGB320/software/ros_ws/install/vision/lib/python3.12/site-packages/vision
[1.475s] byte-compiling /home/pi/EGB320/software/ros_ws/install/vision/lib/python3.12/site-packages/vision/__init__.py to __init__.cpython-312.pyc
[1.475s] running install_data
[1.475s] creating /home/pi/EGB320/software/ros_ws/install/vision/share/ament_index
[1.475s] creating /home/pi/EGB320/software/ros_ws/install/vision/share/ament_index/resource_index
[1.475s] creating /home/pi/EGB320/software/ros_ws/install/vision/share/ament_index/resource_index/packages
[1.475s] copying resource/vision -> /home/pi/EGB320/software/ros_ws/install/vision/share/ament_index/resource_index/packages
[1.476s] copying package.xml -> /home/pi/EGB320/software/ros_ws/install/vision/share/vision
[1.476s] running install_egg_info
[1.498s] Copying ../../build/vision/vision.egg-info to /home/pi/EGB320/software/ros_ws/install/vision/lib/python3.12/site-packages/vision-0.0.0-py3.12.egg-info
[1.499s] running install_scripts
[1.650s] writing list of installed files to '/home/pi/EGB320/software/ros_ws/build/vision/install.log'
[1.730s] Invoked command in '/home/pi/EGB320/software/ros_ws/src/vision' returned '0': DEBUGINFOD_URLS=https://debuginfod.ubuntu.com PYTHONPATH=/home/pi/EGB320/software/ros_ws/build/vision/prefix_override:/usr/lib/python3/dist-packages/colcon_core/task/python/colcon_distutils_commands:/home/pi/EGB320/software/ros_ws/install/vision/lib/python3.12/site-packages:${PYTHONPATH} /usr/bin/python3 -W ignore:setup.py install is deprecated -W ignore:easy_install command is deprecated setup.py egg_info --egg-base ../../build/vision build --build-base /home/pi/EGB320/software/ros_ws/build/vision/build install --record /home/pi/EGB320/software/ros_ws/build/vision/install.log --single-version-externally-managed install_data
